# JRE version: OpenJDK Runtime Environment (8.0_242-b01) (build 1.8.0_242-release-1644-b01)
# Java VM: OpenJDK 64-Bit Server VM (25.242-b01 mixed mode windows-amd64 compressed oops)
Heap:
 PSYoungGen      total 119808K, used 97178K [0x00000000e0000000, 0x00000000ea780000, 0x0000000100000000)
  eden space 109056K, 89% used [0x00000000e0000000,0x00000000e5ee68d8,0x00000000e6a80000)
  from space 10752K, 0% used [0x00000000e6a80000,0x00000000e6a80000,0x00000000e7500000)
  to   space 11264K, 0% used [0x00000000e9c80000,0x00000000e9c80000,0x00000000ea780000)
 ParOldGen       total 85504K, used 16372K [0x00000000a0000000, 0x00000000a5380000, 0x00000000e0000000)
  object space 85504K, 19% used [0x00000000a0000000,0x00000000a0ffd310,0x00000000a5380000)
 Metaspace       used 44666K, capacity 45562K, committed 45952K, reserved 1089536K
  class space    used 6011K, capacity 6269K, committed 6272K, reserved 1048576K
GC Heap History (10 events):
Event: 4.996 GC heap before
{Heap before GC invocations=7 (full 1):
 PSYoungGen      total 76288K, used 7189K [0x00000000e0000000, 0x00000000e5500000, 0x0000000100000000)
  eden space 66560K, 0% used [0x00000000e0000000,0x00000000e0000000,0x00000000e4100000)
  from space 9728K, 73% used [0x00000000e4b80000,0x00000000e5285570,0x00000000e5500000)
  to   space 10240K, 0% used [0x00000000e4100000,0x00000000e4100000,0x00000000e4b00000)
 ParOldGen       total 87552K, used 9135K [0x00000000a0000000, 0x00000000a5580000, 0x00000000e0000000)
  object space 87552K, 10% used [0x00000000a0000000,0x00000000a08ebf20,0x00000000a5580000)
 Metaspace       used 20554K, capacity 21082K, committed 21296K, reserved 1067008K
  class space    used 2948K, capacity 3121K, committed 3200K, reserved 1048576K
Event: 5.060 GC heap after
Heap after GC invocations=7 (full 1):
 PSYoungGen      total 76288K, used 0K [0x00000000e0000000, 0x00000000e5500000, 0x0000000100000000)
  eden space 66560K, 0% used [0x00000000e0000000,0x00000000e0000000,0x00000000e4100000)
  from space 9728K, 0% used [0x00000000e4b80000,0x00000000e4b80000,0x00000000e5500000)
  to   space 10240K, 0% used [0x00000000e4100000,0x00000000e4100000,0x00000000e4b00000)
 ParOldGen       total 57856K, used 8623K [0x00000000a0000000, 0x00000000a3880000, 0x00000000e0000000)
  object space 57856K, 14% used [0x00000000a0000000,0x00000000a086bc48,0x00000000a3880000)
 Metaspace       used 20554K, capacity 21082K, committed 21296K, reserved 1067008K
  class space    used 2948K, capacity 3121K, committed 3200K, reserved 1048576K
}
Event: 6.784 GC heap before
{Heap before GC invocations=8 (full 1):
 PSYoungGen      total 76288K, used 66560K [0x00000000e0000000, 0x00000000e5500000, 0x0000000100000000)
  eden space 66560K, 100% used [0x00000000e0000000,0x00000000e4100000,0x00000000e4100000)
  from space 9728K, 0% used [0x00000000e4b80000,0x00000000e4b80000,0x00000000e5500000)
  to   space 10240K, 0% used [0x00000000e4100000,0x00000000e4100000,0x00000000e4b00000)
 ParOldGen       total 57856K, used 8623K [0x00000000a0000000, 0x00000000a3880000, 0x00000000e0000000)
  object space 57856K, 14% used [0x00000000a0000000,0x00000000a086bc48,0x00000000a3880000)
 Metaspace       used 29065K, capacity 29654K, committed 29952K, reserved 1075200K
  class space    used 3919K, capacity 4094K, committed 4096K, reserved 1048576K
Event: 6.810 GC heap after
Heap after GC invocations=8 (full 1):
 PSYoungGen      total 76800K, used 8066K [0x00000000e0000000, 0x00000000e8100000, 0x0000000100000000)
  eden space 66560K, 0% used [0x00000000e0000000,0x00000000e0000000,0x00000000e4100000)
  from space 10240K, 78% used [0x00000000e4100000,0x00000000e48e0880,0x00000000e4b00000)
  to   space 10752K, 0% used [0x00000000e7680000,0x00000000e7680000,0x00000000e8100000)
 ParOldGen       total 57856K, used 8631K [0x00000000a0000000, 0x00000000a3880000, 0x00000000e0000000)
  object space 57856K, 14% used [0x00000000a0000000,0x00000000a086dc48,0x00000000a3880000)
 Metaspace       used 29065K, capacity 29654K, committed 29952K, reserved 1075200K
  class space    used 3919K, capacity 4094K, committed 4096K, reserved 1048576K
}
Event: 8.159 GC heap before
{Heap before GC invocations=9 (full 1):
 PSYoungGen      total 76800K, used 74626K [0x00000000e0000000, 0x00000000e8100000, 0x0000000100000000)
  eden space 66560K, 100% used [0x00000000e0000000,0x00000000e4100000,0x00000000e4100000)
  from space 10240K, 78% used [0x00000000e4100000,0x00000000e48e0880,0x00000000e4b00000)
  to   space 10752K, 0% used [0x00000000e7680000,0x00000000e7680000,0x00000000e8100000)
 ParOldGen       total 57856K, used 8631K [0x00000000a0000000, 0x00000000a3880000, 0x00000000e0000000)
  object space 57856K, 14% used [0x00000000a0000000,0x00000000a086dc48,0x00000000a3880000)
 Metaspace       used 32283K, capacity 32890K, committed 33408K, reserved 1077248K
  class space    used 4449K, capacity 4618K, committed 4736K, reserved 1048576K
Event: 8.181 GC heap after
Heap after GC invocations=9 (full 1):
 PSYoungGen      total 118272K, used 8516K [0x00000000e0000000, 0x00000000e7f80000, 0x0000000100000000)
  eden space 109056K, 0% used [0x00000000e0000000,0x00000000e0000000,0x00000000e6a80000)
  from space 9216K, 92% used [0x00000000e7680000,0x00000000e7ed1260,0x00000000e7f80000)
  to   space 10752K, 0% used [0x00000000e6a80000,0x00000000e6a80000,0x00000000e7500000)
 ParOldGen       total 57856K, used 8639K [0x00000000a0000000, 0x00000000a3880000, 0x00000000e0000000)
  object space 57856K, 14% used [0x00000000a0000000,0x00000000a086fc48,0x00000000a3880000)
 Metaspace       used 32283K, capacity 32890K, committed 33408K, reserved 1077248K
  class space    used 4449K, capacity 4618K, committed 4736K, reserved 1048576K
}
Event: 10.793 GC heap before
{Heap before GC invocations=10 (full 1):
 PSYoungGen      total 118272K, used 51277K [0x00000000e0000000, 0x00000000e7f80000, 0x0000000100000000)
  eden space 109056K, 39% used [0x00000000e0000000,0x00000000e29c2210,0x00000000e6a80000)
  from space 9216K, 92% used [0x00000000e7680000,0x00000000e7ed1260,0x00000000e7f80000)
  to   space 10752K, 0% used [0x00000000e6a80000,0x00000000e6a80000,0x00000000e7500000)
 ParOldGen       total 57856K, used 8639K [0x00000000a0000000, 0x00000000a3880000, 0x00000000e0000000)
  object space 57856K, 14% used [0x00000000a0000000,0x00000000a086fc48,0x00000000a3880000)
 Metaspace       used 34522K, capacity 35254K, committed 35456K, reserved 1079296K
  class space    used 4745K, capacity 4944K, committed 4992K, reserved 1048576K
Event: 10.823 GC heap after
Heap after GC invocations=10 (full 1):
 PSYoungGen      total 119808K, used 9211K [0x00000000e0000000, 0x00000000ea780000, 0x0000000100000000)
  eden space 109056K, 0% used [0x00000000e0000000,0x00000000e0000000,0x00000000e6a80000)
  from space 10752K, 85% used [0x00000000e6a80000,0x00000000e737ece8,0x00000000e7500000)
  to   space 11264K, 0% used [0x00000000e9c80000,0x00000000e9c80000,0x00000000ea780000)
 ParOldGen       total 57856K, used 8647K [0x00000000a0000000, 0x00000000a3880000, 0x00000000e0000000)
  object space 57856K, 14% used [0x00000000a0000000,0x00000000a0871c48,0x00000000a3880000)
 Metaspace       used 34522K, capacity 35254K, committed 35456K, reserved 1079296K
  class space    used 4745K, capacity 4944K, committed 4992K, reserved 1048576K
}
Event: 10.823 GC heap before
{Heap before GC invocations=11 (full 2):
 PSYoungGen      total 119808K, used 9211K [0x00000000e0000000, 0x00000000ea780000, 0x0000000100000000)
  eden space 109056K, 0% used [0x00000000e0000000,0x00000000e0000000,0x00000000e6a80000)
  from space 10752K, 85% used [0x00000000e6a80000,0x00000000e737ece8,0x00000000e7500000)
  to   space 11264K, 0% used [0x00000000e9c80000,0x00000000e9c80000,0x00000000ea780000)
 ParOldGen       total 57856K, used 8647K [0x00000000a0000000, 0x00000000a3880000, 0x00000000e0000000)
  object space 57856K, 14% used [0x00000000a0000000,0x00000000a0871c48,0x00000000a3880000)
 Metaspace       used 34522K, capacity 35254K, committed 35456K, reserved 1079296K
  class space    used 4745K, capacity 4944K, committed 4992K, reserved 1048576K
Event: 10.939 GC heap after
Heap after GC invocations=11 (full 2):
 PSYoungGen      total 119808K, used 0K [0x00000000e0000000, 0x00000000ea780000, 0x0000000100000000)
  eden space 109056K, 0% used [0x00000000e0000000,0x00000000e0000000,0x00000000e6a80000)
  from space 10752K, 0% used [0x00000000e6a80000,0x00000000e6a80000,0x00000000e7500000)
  to   space 11264K, 0% used [0x00000000e9c80000,0x00000000e9c80000,0x00000000ea780000)
 ParOldGen       total 85504K, used 16372K [0x00000000a0000000, 0x00000000a5380000, 0x00000000e0000000)
  object space 85504K, 19% used [0x00000000a0000000,0x00000000a0ffd310,0x00000000a5380000)
 Metaspace       used 34520K, capacity 35248K, committed 35456K, reserved 1079296K
  class space    used 4745K, capacity 4943K, committed 4992K, reserved 1048576K
}

